2026-02-21 00:17:57,890 - data_preprocessing - DEBUG - Data loaded properly
2026-02-21 00:17:57,892 - data_preprocessing - DEBUG - Starting preprocessing for DataFrame
2026-02-21 00:17:57,894 - data_preprocessing - DEBUG - Target column encoded
2026-02-21 00:17:57,905 - data_preprocessing - DEBUG - Duplicates removed
2026-02-21 00:17:57,910 - data_preprocessing - ERROR - Error during text normalization: 
**********************************************************************
  Resource [93mpunkt_tab[0m not found.
  Please use the NLTK Downloader to obtain the resource:

  [31m>>> import nltk
  >>> nltk.download('punkt_tab')
  [0m
  For more information see: https://www.nltk.org/data.html

  Attempted to load [93mtokenizers/punkt_tab/english/[0m

  Searched in:
    - 'C:\\Users\\ASUS/nltk_data'
    - 'C:\\Users\\ASUS\\AppData\\Local\\Programs\\Python\\Python312\\nltk_data'
    - 'C:\\Users\\ASUS\\AppData\\Local\\Programs\\Python\\Python312\\share\\nltk_data'
    - 'C:\\Users\\ASUS\\AppData\\Local\\Programs\\Python\\Python312\\lib\\nltk_data'
    - 'C:\\Users\\ASUS\\AppData\\Roaming\\nltk_data'
    - 'C:\\nltk_data'
    - 'D:\\nltk_data'
    - 'E:\\nltk_data'
**********************************************************************

2026-02-21 00:17:57,911 - data_preprocessing - ERROR - Failed to complete the data transformation process: 
**********************************************************************
  Resource [93mpunkt_tab[0m not found.
  Please use the NLTK Downloader to obtain the resource:

  [31m>>> import nltk
  >>> nltk.download('punkt_tab')
  [0m
  For more information see: https://www.nltk.org/data.html

  Attempted to load [93mtokenizers/punkt_tab/english/[0m

  Searched in:
    - 'C:\\Users\\ASUS/nltk_data'
    - 'C:\\Users\\ASUS\\AppData\\Local\\Programs\\Python\\Python312\\nltk_data'
    - 'C:\\Users\\ASUS\\AppData\\Local\\Programs\\Python\\Python312\\share\\nltk_data'
    - 'C:\\Users\\ASUS\\AppData\\Local\\Programs\\Python\\Python312\\lib\\nltk_data'
    - 'C:\\Users\\ASUS\\AppData\\Roaming\\nltk_data'
    - 'C:\\nltk_data'
    - 'D:\\nltk_data'
    - 'E:\\nltk_data'
**********************************************************************

2026-02-21 00:20:35,912 - data_preprocessing - DEBUG - Data loaded properly
2026-02-21 00:20:35,912 - data_preprocessing - DEBUG - Starting preprocessing for DataFrame
2026-02-21 00:20:35,919 - data_preprocessing - DEBUG - Target column encoded
2026-02-21 00:20:35,927 - data_preprocessing - DEBUG - Duplicates removed
2026-02-21 00:20:49,751 - data_preprocessing - DEBUG - Text column transformed
2026-02-21 00:20:49,751 - data_preprocessing - DEBUG - Starting preprocessing for DataFrame
2026-02-21 00:20:49,752 - data_preprocessing - DEBUG - Target column encoded
2026-02-21 00:20:49,753 - data_preprocessing - DEBUG - Duplicates removed
2026-02-21 00:20:53,365 - data_preprocessing - DEBUG - Text column transformed
2026-02-21 00:20:53,380 - data_preprocessing - DEBUG - Processed data saved to ./data\interim
2026-02-21 00:32:08,648 - data_preprocessing - DEBUG - Data loaded properly
2026-02-21 00:32:08,648 - data_preprocessing - DEBUG - Starting preprocessing for DataFrame
2026-02-21 00:32:08,652 - data_preprocessing - DEBUG - Target column encoded
2026-02-21 00:32:08,666 - data_preprocessing - DEBUG - Duplicates removed
2026-02-21 00:32:27,143 - data_preprocessing - DEBUG - Text column transformed
2026-02-21 00:32:27,143 - data_preprocessing - DEBUG - Starting preprocessing for DataFrame
2026-02-21 00:32:27,144 - data_preprocessing - DEBUG - Target column encoded
2026-02-21 00:32:27,146 - data_preprocessing - DEBUG - Duplicates removed
2026-02-21 00:32:31,514 - data_preprocessing - DEBUG - Text column transformed
2026-02-21 00:32:31,529 - data_preprocessing - DEBUG - Processed data saved to ./data\interim
